<?xml version="1.0" encoding="UTF-8"?>
<!-- Generated by org.testng.reporters.JUnitReportReporter -->
<testsuite hostname="LTIN233777" failures="0" tests="12" name="TestCases.TC003_UsedCars" time="285.056" errors="0" timestamp="2024-02-07T10:21:23 IST" skipped="0">
  <testcase classname="TestCases.TC003_UsedCars" name="test1" time="0.484"/>
  <testcase classname="TestCases.TC003_UsedCars" name="test1" time="2.012"/>
  <testcase classname="TestCases.TC003_UsedCars" name="test2" time="32.648"/>
  <testcase classname="TestCases.TC003_UsedCars" name="test2" time="59.028"/>
  <testcase classname="TestCases.TC003_UsedCars" name="test6" time="39.841"/>
  <testcase classname="TestCases.TC003_UsedCars" name="test6" time="41.374"/>
  <testcase classname="TestCases.TC003_UsedCars" name="test7" time="25.198"/>
  <testcase classname="TestCases.TC003_UsedCars" name="test7" time="26.865"/>
  <testcase classname="TestCases.TC003_UsedCars" name="test8" time="3.201"/>
  <testcase classname="TestCases.TC003_UsedCars" name="test8" time="34.616"/>
  <testcase classname="TestCases.TC003_UsedCars" name="Test9" time="8.639"/>
  <testcase classname="TestCases.TC003_UsedCars" name="Test9" time="11.150"/>
</testsuite> <!-- TestCases.TC003_UsedCars -->
