<?xml version="1.0" encoding="UTF-8"?>
<!-- Generated by org.testng.reporters.JUnitReportReporter -->
<testsuite hostname="LTIN233777" failures="0" tests="18" name="TestCases.TC003_UpcomingBikePage" time="134.017" errors="0" timestamp="2024-02-09T09:59:40 IST" skipped="0">
  <testcase classname="TestCases.TC003_UpcomingBikePage" name="test1" time="1.415"/>
  <testcase classname="TestCases.TC003_UpcomingBikePage" name="test1" time="0.719"/>
  <testcase classname="TestCases.TC003_UpcomingBikePage" name="test" time="8.722"/>
  <testcase classname="TestCases.TC003_UpcomingBikePage" name="test" time="12.597"/>
  <testcase classname="TestCases.TC003_UpcomingBikePage" name="test3" time="24.923"/>
  <testcase classname="TestCases.TC003_UpcomingBikePage" name="test3" time="27.135"/>
  <testcase classname="TestCases.TC003_UpcomingBikePage" name="test4" time="1.680"/>
  <testcase classname="TestCases.TC003_UpcomingBikePage" name="test4" time="2.051"/>
  <testcase classname="TestCases.TC003_UpcomingBikePage" name="test5" time="3.800"/>
  <testcase classname="TestCases.TC003_UpcomingBikePage" name="test5" time="2.406"/>
  <testcase classname="TestCases.TC003_UpcomingBikePage" name="test6" time="2.664"/>
  <testcase classname="TestCases.TC003_UpcomingBikePage" name="test6" time="2.179"/>
  <testcase classname="TestCases.TC003_UpcomingBikePage" name="test7" time="11.093"/>
  <testcase classname="TestCases.TC003_UpcomingBikePage" name="test7" time="10.448"/>
  <testcase classname="TestCases.TC003_UpcomingBikePage" name="test8" time="1.556"/>
  <testcase classname="TestCases.TC003_UpcomingBikePage" name="test8" time="1.918"/>
  <testcase classname="TestCases.TC003_UpcomingBikePage" name="Test9" time="9.060"/>
  <testcase classname="TestCases.TC003_UpcomingBikePage" name="Test9" time="9.651"/>
</testsuite> <!-- TestCases.TC003_UpcomingBikePage -->
