<?xml version="1.0" encoding="UTF-8"?>
<!-- Generated by org.testng.reporters.JUnitReportReporter -->
<testsuite hostname="LTIN233777" failures="0" tests="12" name="TestCases.TC003_UsedCars" time="101.780" errors="0" timestamp="2024-02-08T17:48:14 IST" skipped="0">
  <testcase classname="TestCases.TC003_UsedCars" name="test1" time="1.256"/>
  <testcase classname="TestCases.TC003_UsedCars" name="test1" time="1.154"/>
  <testcase classname="TestCases.TC003_UsedCars" name="test2" time="3.460"/>
  <testcase classname="TestCases.TC003_UsedCars" name="test2" time="2.993"/>
  <testcase classname="TestCases.TC003_UsedCars" name="test6" time="9.252"/>
  <testcase classname="TestCases.TC003_UsedCars" name="test6" time="9.093"/>
  <testcase classname="TestCases.TC003_UsedCars" name="test7" time="25.026"/>
  <testcase classname="TestCases.TC003_UsedCars" name="test7" time="27.410"/>
  <testcase classname="TestCases.TC003_UsedCars" name="test8" time="1.657"/>
  <testcase classname="TestCases.TC003_UsedCars" name="test8" time="1.734"/>
  <testcase classname="TestCases.TC003_UsedCars" name="Test9" time="9.678"/>
  <testcase classname="TestCases.TC003_UsedCars" name="Test9" time="9.067"/>
</testsuite> <!-- TestCases.TC003_UsedCars -->
