<?xml version="1.0" encoding="UTF-8"?>
<!-- Generated by org.testng.reporters.JUnitReportReporter -->
<testsuite hostname="LTIN233777" failures="0" tests="18" name="TestCases.TC003_UpcomingBikePage" time="147.505" errors="0" timestamp="2024-02-15T10:04:59 IST" skipped="0">
  <testcase classname="TestCases.TC003_UpcomingBikePage" name="test1" time="0.718"/>
  <system-out/>
  <testcase classname="TestCases.TC003_UpcomingBikePage" name="test1" time="1.615"/>
  <system-out/>
  <testcase classname="TestCases.TC003_UpcomingBikePage" name="test" time="9.714"/>
  <system-out/>
  <testcase classname="TestCases.TC003_UpcomingBikePage" name="test" time="12.556"/>
  <system-out/>
  <testcase classname="TestCases.TC003_UpcomingBikePage" name="test3" time="28.113"/>
  <system-out/>
  <testcase classname="TestCases.TC003_UpcomingBikePage" name="test3" time="24.715"/>
  <system-out/>
  <testcase classname="TestCases.TC003_UpcomingBikePage" name="test4" time="1.985"/>
  <system-out/>
  <testcase classname="TestCases.TC003_UpcomingBikePage" name="test4" time="1.715"/>
  <system-out/>
  <testcase classname="TestCases.TC003_UpcomingBikePage" name="test5" time="3.717"/>
  <system-out/>
  <testcase classname="TestCases.TC003_UpcomingBikePage" name="test5" time="4.465"/>
  <system-out/>
  <testcase classname="TestCases.TC003_UpcomingBikePage" name="test6" time="2.536"/>
  <system-out/>
  <testcase classname="TestCases.TC003_UpcomingBikePage" name="test6" time="3.125"/>
  <system-out/>
  <testcase classname="TestCases.TC003_UpcomingBikePage" name="test7" time="13.504"/>
  <system-out/>
  <testcase classname="TestCases.TC003_UpcomingBikePage" name="test7" time="10.127"/>
  <system-out/>
  <testcase classname="TestCases.TC003_UpcomingBikePage" name="test8" time="1.703"/>
  <system-out/>
  <testcase classname="TestCases.TC003_UpcomingBikePage" name="test8" time="2.076"/>
  <system-out/>
  <testcase classname="TestCases.TC003_UpcomingBikePage" name="Test9" time="14.902"/>
  <system-out/>
  <testcase classname="TestCases.TC003_UpcomingBikePage" name="Test9" time="10.219"/>
  <system-out/>
</testsuite> <!-- TestCases.TC003_UpcomingBikePage -->
